Determining if the pthread_create exist failed with the following output:
Change Dir: /home/srinath/Music/ros_workspace/build/CMakeFiles/CMakeTmp

Run Build Command:/usr/bin/make "cmTryCompileExec3655827797/fast"
/usr/bin/make -f CMakeFiles/cmTryCompileExec3655827797.dir/build.make CMakeFiles/cmTryCompileExec3655827797.dir/build
make[1]: Entering directory `/home/srinath/Music/ros_workspace/build/CMakeFiles/CMakeTmp'
/usr/bin/cmake -E cmake_progress_report /home/srinath/Music/ros_workspace/build/CMakeFiles/CMakeTmp/CMakeFiles 1
Building C object CMakeFiles/cmTryCompileExec3655827797.dir/CheckSymbolExists.c.o
/usr/bin/cc    -o CMakeFiles/cmTryCompileExec3655827797.dir/CheckSymbolExists.c.o   -c /home/srinath/Music/ros_workspace/build/CMakeFiles/CMakeTmp/CheckSymbolExists.c
Linking C executable cmTryCompileExec3655827797
/usr/bin/cmake -E cmake_link_script CMakeFiles/cmTryCompileExec3655827797.dir/link.txt --verbose=1
/usr/bin/cc       CMakeFiles/cmTryCompileExec3655827797.dir/CheckSymbolExists.c.o  -o cmTryCompileExec3655827797 -rdynamic 
CMakeFiles/cmTryCompileExec3655827797.dir/CheckSymbolExists.c.o: In function `main':
CheckSymbolExists.c:(.text+0x16): undefined reference to `pthread_create'
collect2: error: ld returned 1 exit status
make[1]: Leaving directory `/home/srinath/Music/ros_workspace/build/CMakeFiles/CMakeTmp'
make[1]: *** [cmTryCompileExec3655827797] Error 1
make: *** [cmTryCompileExec3655827797/fast] Error 2

File /home/srinath/Music/ros_workspace/build/CMakeFiles/CMakeTmp/CheckSymbolExists.c:
/* */
#include <pthread.h>

int main(int argc, char** argv)
{
  (void)argv;
#ifndef pthread_create
  return ((int*)(&pthread_create))[argc];
#else
  (void)argc;
  return 0;
#endif
}

Determining if the function pthread_create exists in the pthreads failed with the following output:
Change Dir: /home/srinath/Music/ros_workspace/build/CMakeFiles/CMakeTmp

Run Build Command:/usr/bin/make "cmTryCompileExec289859936/fast"
/usr/bin/make -f CMakeFiles/cmTryCompileExec289859936.dir/build.make CMakeFiles/cmTryCompileExec289859936.dir/build
make[1]: Entering directory `/home/srinath/Music/ros_workspace/build/CMakeFiles/CMakeTmp'
/usr/bin/cmake -E cmake_progress_report /home/srinath/Music/ros_workspace/build/CMakeFiles/CMakeTmp/CMakeFiles 1
Building C object CMakeFiles/cmTryCompileExec289859936.dir/CheckFunctionExists.c.o
/usr/bin/cc   -DCHECK_FUNCTION_EXISTS=pthread_create   -o CMakeFiles/cmTryCompileExec289859936.dir/CheckFunctionExists.c.o   -c /usr/share/cmake-2.8/Modules/CheckFunctionExists.c
Linking C executable cmTryCompileExec289859936
/usr/bin/cmake -E cmake_link_script CMakeFiles/cmTryCompileExec289859936.dir/link.txt --verbose=1
/usr/bin/cc   -DCHECK_FUNCTION_EXISTS=pthread_create    CMakeFiles/cmTryCompileExec289859936.dir/CheckFunctionExists.c.o  -o cmTryCompileExec289859936 -rdynamic -lpthreads 
/usr/bin/ld: cannot find -lpthreads
collect2: error: ld returned 1 exit status
make[1]: Leaving directory `/home/srinath/Music/ros_workspace/build/CMakeFiles/CMakeTmp'
make[1]: *** [cmTryCompileExec289859936] Error 1
make: *** [cmTryCompileExec289859936/fast] Error 2


Determining if the Q_WS_WIN exist failed with the following output:
Change Dir: /home/srinath/Music/ros_workspace/build/CMakeFiles/CMakeTmp

Run Build Command:/usr/bin/make "cmTryCompileExec3254211432/fast"
/usr/bin/make -f CMakeFiles/cmTryCompileExec3254211432.dir/build.make CMakeFiles/cmTryCompileExec3254211432.dir/build
make[1]: Entering directory `/home/srinath/Music/ros_workspace/build/CMakeFiles/CMakeTmp'
/usr/bin/cmake -E cmake_progress_report /home/srinath/Music/ros_workspace/build/CMakeFiles/CMakeTmp/CMakeFiles 1
Building CXX object CMakeFiles/cmTryCompileExec3254211432.dir/CheckSymbolExists.cxx.o
/usr/bin/c++    -I/usr/include/qt4    -o CMakeFiles/cmTryCompileExec3254211432.dir/CheckSymbolExists.cxx.o -c /home/srinath/Music/ros_workspace/build/CMakeFiles/CMakeTmp/CheckSymbolExists.cxx
/home/srinath/Music/ros_workspace/build/CMakeFiles/CMakeTmp/CheckSymbolExists.cxx: In function ‘int main(int, char**)’:
/home/srinath/Music/ros_workspace/build/CMakeFiles/CMakeTmp/CheckSymbolExists.cxx:8:19: error: ‘Q_WS_WIN’ was not declared in this scope
   return ((int*)(&Q_WS_WIN))[argc];
                   ^
make[1]: *** [CMakeFiles/cmTryCompileExec3254211432.dir/CheckSymbolExists.cxx.o] Error 1
make[1]: Leaving directory `/home/srinath/Music/ros_workspace/build/CMakeFiles/CMakeTmp'
make: *** [cmTryCompileExec3254211432/fast] Error 2

File /home/srinath/Music/ros_workspace/build/CMakeFiles/CMakeTmp/CheckSymbolExists.cxx:
/* */
#include <QtCore/qglobal.h>

int main(int argc, char** argv)
{
  (void)argv;
#ifndef Q_WS_WIN
  return ((int*)(&Q_WS_WIN))[argc];
#else
  (void)argc;
  return 0;
#endif
}

Determining if the Q_WS_QWS exist failed with the following output:
Change Dir: /home/srinath/Music/ros_workspace/build/CMakeFiles/CMakeTmp

Run Build Command:/usr/bin/make "cmTryCompileExec2250446541/fast"
/usr/bin/make -f CMakeFiles/cmTryCompileExec2250446541.dir/build.make CMakeFiles/cmTryCompileExec2250446541.dir/build
make[1]: Entering directory `/home/srinath/Music/ros_workspace/build/CMakeFiles/CMakeTmp'
/usr/bin/cmake -E cmake_progress_report /home/srinath/Music/ros_workspace/build/CMakeFiles/CMakeTmp/CMakeFiles 1
Building CXX object CMakeFiles/cmTryCompileExec2250446541.dir/CheckSymbolExists.cxx.o
/usr/bin/c++    -I/usr/include/qt4    -o CMakeFiles/cmTryCompileExec2250446541.dir/CheckSymbolExists.cxx.o -c /home/srinath/Music/ros_workspace/build/CMakeFiles/CMakeTmp/CheckSymbolExists.cxx
/home/srinath/Music/ros_workspace/build/CMakeFiles/CMakeTmp/CheckSymbolExists.cxx: In function ‘int main(int, char**)’:
/home/srinath/Music/ros_workspace/build/CMakeFiles/CMakeTmp/CheckSymbolExists.cxx:8:19: error: ‘Q_WS_QWS’ was not declared in this scope
   return ((int*)(&Q_WS_QWS))[argc];
                   ^
make[1]: *** [CMakeFiles/cmTryCompileExec2250446541.dir/CheckSymbolExists.cxx.o] Error 1
make[1]: Leaving directory `/home/srinath/Music/ros_workspace/build/CMakeFiles/CMakeTmp'
make: *** [cmTryCompileExec2250446541/fast] Error 2

File /home/srinath/Music/ros_workspace/build/CMakeFiles/CMakeTmp/CheckSymbolExists.cxx:
/* */
#include <QtCore/qglobal.h>

int main(int argc, char** argv)
{
  (void)argv;
#ifndef Q_WS_QWS
  return ((int*)(&Q_WS_QWS))[argc];
#else
  (void)argc;
  return 0;
#endif
}

Determining if the Q_WS_MAC exist failed with the following output:
Change Dir: /home/srinath/Music/ros_workspace/build/CMakeFiles/CMakeTmp

Run Build Command:/usr/bin/make "cmTryCompileExec1588825893/fast"
/usr/bin/make -f CMakeFiles/cmTryCompileExec1588825893.dir/build.make CMakeFiles/cmTryCompileExec1588825893.dir/build
make[1]: Entering directory `/home/srinath/Music/ros_workspace/build/CMakeFiles/CMakeTmp'
/usr/bin/cmake -E cmake_progress_report /home/srinath/Music/ros_workspace/build/CMakeFiles/CMakeTmp/CMakeFiles 1
Building CXX object CMakeFiles/cmTryCompileExec1588825893.dir/CheckSymbolExists.cxx.o
/usr/bin/c++    -I/usr/include/qt4    -o CMakeFiles/cmTryCompileExec1588825893.dir/CheckSymbolExists.cxx.o -c /home/srinath/Music/ros_workspace/build/CMakeFiles/CMakeTmp/CheckSymbolExists.cxx
/home/srinath/Music/ros_workspace/build/CMakeFiles/CMakeTmp/CheckSymbolExists.cxx: In function ‘int main(int, char**)’:
/home/srinath/Music/ros_workspace/build/CMakeFiles/CMakeTmp/CheckSymbolExists.cxx:8:19: error: ‘Q_WS_MAC’ was not declared in this scope
   return ((int*)(&Q_WS_MAC))[argc];
                   ^
make[1]: Leaving directory `/home/srinath/Music/ros_workspace/build/CMakeFiles/CMakeTmp'
make[1]: *** [CMakeFiles/cmTryCompileExec1588825893.dir/CheckSymbolExists.cxx.o] Error 1
make: *** [cmTryCompileExec1588825893/fast] Error 2

File /home/srinath/Music/ros_workspace/build/CMakeFiles/CMakeTmp/CheckSymbolExists.cxx:
/* */
#include <QtCore/qglobal.h>

int main(int argc, char** argv)
{
  (void)argv;
#ifndef Q_WS_MAC
  return ((int*)(&Q_WS_MAC))[argc];
#else
  (void)argc;
  return 0;
#endif
}

